#
# There is insufficient memory for the Java Runtime Environment to continue.
# Native memory allocation (malloc) failed to allocate 1914720 bytes for Chunk::new
# Possible reasons:
#   The system is out of physical RAM or swap space
#   The process is running with CompressedOops enabled, and the Java Heap may be blocking the growth of the native heap
# Possible solutions:
#   Reduce memory load on the system
#   Increase physical memory or swap space
#   Check if swap backing store is full
#   Decrease Java heap size (-Xmx/-Xms)
#   Decrease number of Java threads
#   Decrease Java thread stack sizes (-Xss)
#   Set larger code cache with -XX:ReservedCodeCacheSize=
#   JVM is running with Unscaled Compressed Oops mode in which the Java heap is
#     placed in the first 4GB address space. The Java Heap base address is the
#     maximum limit for the native heap growth. Please use -XX:HeapBaseMinAddress
#     to set the Java Heap base and to place the Java Heap above 4GB virtual address.
# This output file may be truncated or incomplete.
#
#  Out of Memory Error (arena.cpp:189), pid=5688, tid=17432
#
# JRE version: Java(TM) SE Runtime Environment (17.0.12+8) (build 17.0.12+8-LTS-286)
# Java VM: Java HotSpot(TM) 64-Bit Server VM (17.0.12+8-LTS-286, mixed mode, sharing, tiered, compressed oops, compressed class ptrs, g1 gc, windows-amd64)
# No core dump will be written. Minidumps are not enabled by default on client versions of Windows
#

---------------  S U M M A R Y ------------

Command Line: -javaagent:C:\Program Files\JetBrains\IntelliJ IDEA Community Edition 2024.2\lib\idea_rt.jar=59665:C:\Program Files\JetBrains\IntelliJ IDEA Community Edition 2024.2\bin -Dfile.encoding=UTF-8 com.ran.hotel.service.Hotel.Service.HotelServiceApplication

Host: Intel(R) Core(TM) i5-6300U CPU @ 2.40GHz, 4 cores, 7G,  Windows 10 , 64 bit Build 19041 (10.0.19041.4957)
Time: Thu Feb  6 21:39:28 2025 India Standard Time elapsed time: 15.575566 seconds (0d 0h 0m 15s)

---------------  T H R E A D  ---------------

Current thread (0x000002674c459b40):  JavaThread "C2 CompilerThread1" daemon [_thread_in_native, id=17432, stack(0x000000a9cf700000,0x000000a9cf800000)]


Current CompileTask:
C2:  15575 5064 % !   4       org.springframework.util.ReflectionUtils::doWithMethods @ 31 (186 bytes)

Stack: [0x000000a9cf700000,0x000000a9cf800000]
Native frames: (J=compiled Java code, j=interpreted, Vv=VM code, C=native code)
V  [jvm.dll+0x67a04a]
V  [jvm.dll+0x7da4ed]
V  [jvm.dll+0x7dbe33]
V  [jvm.dll+0x7dc4a3]
V  [jvm.dll+0x24508f]
V  [jvm.dll+0xab773]
V  [jvm.dll+0xabd3c]
V  [jvm.dll+0x361bee]
V  [jvm.dll+0x32c431]
V  [jvm.dll+0x32b8ca]
V  [jvm.dll+0x21683f]
V  [jvm.dll+0x215c6f]
V  [jvm.dll+0x1a2960]
V  [jvm.dll+0x22610b]
V  [jvm.dll+0x2242ab]
V  [jvm.dll+0x79075c]
V  [jvm.dll+0x78abea]
V  [jvm.dll+0x678f35]
C  [ucrtbase.dll+0x21bb2]
C  [KERNEL32.DLL+0x17374]
C  [ntdll.dll+0x4cc91]


---------------  P R O C E S S  ---------------

Threads class SMR info:
_java_thread_list=0x000002674c500050, length=20, elements={
0x000002676499e650, 0x000002670401daf0, 0x000002670401ee20, 0x0000026704031c30,
0x0000026704032500, 0x0000026704033570, 0x0000026704033e40, 0x0000026704035290,
0x0000026704042dd0, 0x000002670405c630, 0x000002670421a080, 0x000002670437c4a0,
0x00000267044589a0, 0x000002674b495330, 0x000002674b1bedd0, 0x000002674c023330,
0x000002674b493b10, 0x000002674b491cb0, 0x000002674b4930f0, 0x000002674c459b40
}

Java Threads: ( => current thread )
  0x000002676499e650 JavaThread "main" [_thread_in_vm, id=11412, stack(0x000000a9ce600000,0x000000a9ce700000)]
  0x000002670401daf0 JavaThread "Reference Handler" daemon [_thread_blocked, id=22384, stack(0x000000a9ced00000,0x000000a9cee00000)]
  0x000002670401ee20 JavaThread "Finalizer" daemon [_thread_blocked, id=5168, stack(0x000000a9cee00000,0x000000a9cef00000)]
  0x0000026704031c30 JavaThread "Signal Dispatcher" daemon [_thread_blocked, id=11568, stack(0x000000a9cef00000,0x000000a9cf000000)]
  0x0000026704032500 JavaThread "Attach Listener" daemon [_thread_blocked, id=3628, stack(0x000000a9cf000000,0x000000a9cf100000)]
  0x0000026704033570 JavaThread "Service Thread" daemon [_thread_blocked, id=20252, stack(0x000000a9cf100000,0x000000a9cf200000)]
  0x0000026704033e40 JavaThread "Monitor Deflation Thread" daemon [_thread_blocked, id=12620, stack(0x000000a9cf200000,0x000000a9cf300000)]
  0x0000026704035290 JavaThread "C2 CompilerThread0" daemon [_thread_in_native, id=124, stack(0x000000a9cf300000,0x000000a9cf400000)]
  0x0000026704042dd0 JavaThread "C1 CompilerThread0" daemon [_thread_blocked, id=22352, stack(0x000000a9cf400000,0x000000a9cf500000)]
  0x000002670405c630 JavaThread "Sweeper thread" daemon [_thread_blocked, id=5192, stack(0x000000a9cf500000,0x000000a9cf600000)]
  0x000002670421a080 JavaThread "Common-Cleaner" daemon [_thread_blocked, id=3380, stack(0x000000a9cf600000,0x000000a9cf700000)]
  0x000002670437c4a0 JavaThread "Monitor Ctrl-Break" daemon [_thread_in_native, id=8204, stack(0x000000a9cf800000,0x000000a9cf900000)]
  0x00000267044589a0 JavaThread "Notification Thread" daemon [_thread_blocked, id=5552, stack(0x000000a9cf900000,0x000000a9cfa00000)]
  0x000002674b495330 JavaThread "Catalina-utility-1" [_thread_blocked, id=20828, stack(0x000000a9cff00000,0x000000a9d0000000)]
  0x000002674b1bedd0 JavaThread "Catalina-utility-2" [_thread_blocked, id=13332, stack(0x000000a9d0000000,0x000000a9d0100000)]
  0x000002674c023330 JavaThread "container-0" [_thread_blocked, id=20288, stack(0x000000a9d0100000,0x000000a9d0200000)]
  0x000002674b493b10 JavaThread "mysql-cj-abandoned-connection-cleanup" daemon [_thread_blocked, id=12400, stack(0x000000a9d0200000,0x000000a9d0300000)]
  0x000002674b491cb0 JavaThread "HikariPool-1 housekeeper" daemon [_thread_blocked, id=12748, stack(0x000000a9d0400000,0x000000a9d0500000)]
  0x000002674b4930f0 JavaThread "HikariPool-1 connection adder" daemon [_thread_blocked, id=13612, stack(0x000000a9d0500000,0x000000a9d0600000)]
=>0x000002674c459b40 JavaThread "C2 CompilerThread1" daemon [_thread_in_native, id=17432, stack(0x000000a9cf700000,0x000000a9cf800000)]

Other Threads:
  0x0000026704017c70 VMThread "VM Thread" [stack: 0x000000a9cec00000,0x000000a9ced00000] [id=14548]
  0x0000026704409860 WatcherThread [stack: 0x000000a9cfa00000,0x000000a9cfb00000] [id=20628]
  0x00000267649f67a0 GCTaskThread "GC Thread#0" [stack: 0x000000a9ce700000,0x000000a9ce800000] [id=19384]
  0x0000026704dce320 GCTaskThread "GC Thread#1" [stack: 0x000000a9cfb00000,0x000000a9cfc00000] [id=2576]
  0x000002674a09f1f0 GCTaskThread "GC Thread#2" [stack: 0x000000a9cfc00000,0x000000a9cfd00000] [id=13124]
  0x0000026704d43a70 GCTaskThread "GC Thread#3" [stack: 0x000000a9cfd00000,0x000000a9cfe00000] [id=13744]
  0x0000026764a08fe0 ConcurrentGCThread "G1 Main Marker" [stack: 0x000000a9ce800000,0x000000a9ce900000] [id=20508]
  0x0000026764a09900 ConcurrentGCThread "G1 Conc#0" [stack: 0x000000a9ce900000,0x000000a9cea00000] [id=1284]
  0x0000026764a6d8c0 ConcurrentGCThread "G1 Refine#0" [stack: 0x000000a9cea00000,0x000000a9ceb00000] [id=4128]
  0x000002674b470860 ConcurrentGCThread "G1 Refine#1" [stack: 0x000000a9cfe00000,0x000000a9cff00000] [id=1500]
  0x0000026764a6e200 ConcurrentGCThread "G1 Service" [stack: 0x000000a9ceb00000,0x000000a9cec00000] [id=21580]

Threads with active compile tasks:
C2 CompilerThread0    15641 5063   !   4       org.springframework.core.annotation.AnnotationsScanner::processMethodHierarchy (276 bytes)
C2 CompilerThread1    15641 5064 % !   4       org.springframework.util.ReflectionUtils::doWithMethods @ 31 (186 bytes)

VM state: not at safepoint (normal execution)

VM Mutex/Monitor currently owned by a thread: None

Heap address: 0x0000000085200000, size: 1966 MB, Compressed Oops mode: 32-bit

CDS archive(s) mapped at: [0x0000026705000000-0x0000026705bd0000-0x0000026705bd0000), size 12386304, SharedBaseAddress: 0x0000026705000000, ArchiveRelocationMode: 1.
Compressed class space mapped at: 0x0000026706000000-0x0000026746000000, reserved size: 1073741824
Narrow klass base: 0x0000026705000000, Narrow klass shift: 0, Narrow klass range: 0x100000000

GC Precious Log:
 CPUs: 4 total, 4 available
 Memory: 7863M
 Large Page Support: Disabled
 NUMA Support: Disabled
 Compressed Oops: Enabled (32-bit)
 Heap Region Size: 1M
 Heap Min Capacity: 8M
 Heap Initial Capacity: 124M
 Heap Max Capacity: 1966M
 Pre-touch: Disabled
 Parallel Workers: 4
 Concurrent Workers: 1
 Concurrent Refinement Workers: 4
 Periodic GC: Disabled

Heap:
 garbage-first heap   total 82944K, used 32691K [0x0000000085200000, 0x0000000100000000)
  region size 1024K, 12 young (12288K), 3 survivors (3072K)
 Metaspace       used 60388K, committed 60928K, reserved 1114112K
  class space    used 8212K, committed 8448K, reserved 1048576K

Heap Regions: E=young(eden), S=young(survivor), O=old, HS=humongous(starts), HC=humongous(continues), CS=collection set, F=free, OA=open archive, CA=closed archive, TAMS=top-at-mark-start (previous, next)
|   0|0x0000000085200000, 0x0000000085300000, 0x0000000085300000|100%|HS|  |TAMS 0x0000000085300000, 0x0000000085200000| Complete 
|   1|0x0000000085300000, 0x0000000085400000, 0x0000000085400000|100%|HS|  |TAMS 0x0000000085400000, 0x0000000085300000| Complete 
|   2|0x0000000085400000, 0x0000000085500000, 0x0000000085500000|100%| O|  |TAMS 0x0000000085500000, 0x0000000085400000| Untracked 
|   3|0x0000000085500000, 0x0000000085600000, 0x0000000085600000|100%| O|  |TAMS 0x0000000085600000, 0x0000000085500000| Untracked 
|   4|0x0000000085600000, 0x0000000085700000, 0x0000000085700000|100%| O|  |TAMS 0x0000000085700000, 0x0000000085600000| Untracked 
|   5|0x0000000085700000, 0x0000000085800000, 0x0000000085800000|100%| O|  |TAMS 0x0000000085800000, 0x0000000085700000| Untracked 
|   6|0x0000000085800000, 0x0000000085900000, 0x0000000085900000|100%| O|  |TAMS 0x0000000085900000, 0x0000000085800000| Untracked 
|   7|0x0000000085900000, 0x0000000085a00000, 0x0000000085a00000|100%| O|  |TAMS 0x0000000085a00000, 0x0000000085900000| Untracked 
|   8|0x0000000085a00000, 0x0000000085b00000, 0x0000000085b00000|100%| O|  |TAMS 0x0000000085b00000, 0x0000000085a00000| Untracked 
|   9|0x0000000085b00000, 0x0000000085c00000, 0x0000000085c00000|100%| O|  |TAMS 0x0000000085c00000, 0x0000000085b00000| Untracked 
|  10|0x0000000085c00000, 0x0000000085d00000, 0x0000000085d00000|100%| O|  |TAMS 0x0000000085d00000, 0x0000000085c00000| Untracked 
|  11|0x0000000085d00000, 0x0000000085e00000, 0x0000000085e00000|100%| O|  |TAMS 0x0000000085e00000, 0x0000000085d00000| Untracked 
|  12|0x0000000085e00000, 0x0000000085f00000, 0x0000000085f00000|100%| O|  |TAMS 0x0000000085f00000, 0x0000000085e00000| Untracked 
|  13|0x0000000085f00000, 0x0000000086000000, 0x0000000086000000|100%| O|  |TAMS 0x0000000086000000, 0x0000000085f00000| Untracked 
|  14|0x0000000086000000, 0x0000000086100000, 0x0000000086100000|100%| O|  |TAMS 0x0000000086100000, 0x0000000086000000| Untracked 
|  15|0x0000000086100000, 0x0000000086200000, 0x0000000086200000|100%| O|  |TAMS 0x0000000086200000, 0x0000000086100000| Untracked 
|  16|0x0000000086200000, 0x0000000086248a00, 0x0000000086300000| 28%| O|  |TAMS 0x0000000086200000, 0x0000000086200000| Untracked 
|  17|0x0000000086300000, 0x0000000086400000, 0x0000000086400000|100%| O|  |TAMS 0x0000000086400000, 0x0000000086300000| Untracked 
|  18|0x0000000086400000, 0x0000000086500000, 0x0000000086500000|100%| O|  |TAMS 0x0000000086500000, 0x0000000086400000| Untracked 
|  19|0x0000000086500000, 0x0000000086600000, 0x0000000086600000|100%| O|  |TAMS 0x0000000086600000, 0x0000000086500000| Untracked 
|  20|0x0000000086600000, 0x0000000086700000, 0x0000000086700000|100%| O|  |TAMS 0x0000000086700000, 0x0000000086600000| Untracked 
|  21|0x0000000086700000, 0x0000000086800000, 0x0000000086800000|100%| O|  |TAMS 0x0000000086721a00, 0x0000000086700000| Untracked 
|  22|0x0000000086800000, 0x0000000086800000, 0x0000000086900000|  0%| F|  |TAMS 0x0000000086800000, 0x0000000086800000| Untracked 
|  23|0x0000000086900000, 0x0000000086900000, 0x0000000086a00000|  0%| F|  |TAMS 0x0000000086900000, 0x0000000086900000| Untracked 
|  24|0x0000000086a00000, 0x0000000086a00000, 0x0000000086b00000|  0%| F|  |TAMS 0x0000000086a00000, 0x0000000086a00000| Untracked 
|  25|0x0000000086b00000, 0x0000000086b00000, 0x0000000086c00000|  0%| F|  |TAMS 0x0000000086b00000, 0x0000000086b00000| Untracked 
|  26|0x0000000086c00000, 0x0000000086c00000, 0x0000000086d00000|  0%| F|  |TAMS 0x0000000086c00000, 0x0000000086c00000| Untracked 
|  27|0x0000000086d00000, 0x0000000086d00000, 0x0000000086e00000|  0%| F|  |TAMS 0x0000000086d00000, 0x0000000086d00000| Untracked 
|  28|0x0000000086e00000, 0x0000000086e00000, 0x0000000086f00000|  0%| F|  |TAMS 0x0000000086e00000, 0x0000000086e00000| Untracked 
|  29|0x0000000086f00000, 0x0000000086f00000, 0x0000000087000000|  0%| F|  |TAMS 0x0000000086f00000, 0x0000000086f00000| Untracked 
|  30|0x0000000087000000, 0x0000000087000000, 0x0000000087100000|  0%| F|  |TAMS 0x0000000087000000, 0x0000000087000000| Untracked 
|  31|0x0000000087100000, 0x0000000087100000, 0x0000000087200000|  0%| F|  |TAMS 0x0000000087100000, 0x0000000087100000| Untracked 
|  32|0x0000000087200000, 0x0000000087200000, 0x0000000087300000|  0%| F|  |TAMS 0x0000000087200000, 0x0000000087200000| Untracked 
|  33|0x0000000087300000, 0x0000000087300000, 0x0000000087400000|  0%| F|  |TAMS 0x0000000087300000, 0x0000000087300000| Untracked 
|  34|0x0000000087400000, 0x0000000087400000, 0x0000000087500000|  0%| F|  |TAMS 0x0000000087400000, 0x0000000087400000| Untracked 
|  35|0x0000000087500000, 0x0000000087500000, 0x0000000087600000|  0%| F|  |TAMS 0x0000000087500000, 0x0000000087500000| Untracked 
|  36|0x0000000087600000, 0x0000000087600000, 0x0000000087700000|  0%| F|  |TAMS 0x0000000087600000, 0x0000000087600000| Untracked 
|  37|0x0000000087700000, 0x0000000087700000, 0x0000000087800000|  0%| F|  |TAMS 0x0000000087700000, 0x0000000087700000| Untracked 
|  38|0x0000000087800000, 0x0000000087800000, 0x0000000087900000|  0%| F|  |TAMS 0x0000000087800000, 0x0000000087800000| Untracked 
|  39|0x0000000087900000, 0x0000000087900000, 0x0000000087a00000|  0%| F|  |TAMS 0x0000000087900000, 0x0000000087900000| Untracked 
|  40|0x0000000087a00000, 0x0000000087a00000, 0x0000000087b00000|  0%| F|  |TAMS 0x0000000087a00000, 0x0000000087a00000| Untracked 
|  41|0x0000000087b00000, 0x0000000087b00000, 0x0000000087c00000|  0%| F|  |TAMS 0x0000000087b00000, 0x0000000087b00000| Untracked 
|  42|0x0000000087c00000, 0x0000000087c00000, 0x0000000087d00000|  0%| F|  |TAMS 0x0000000087c00000, 0x0000000087c00000| Untracked 
|  43|0x0000000087d00000, 0x0000000087d00000, 0x0000000087e00000|  0%| F|  |TAMS 0x0000000087d00000, 0x0000000087d00000| Untracked 
|  44|0x0000000087e00000, 0x0000000087e00000, 0x0000000087f00000|  0%| F|  |TAMS 0x0000000087e00000, 0x0000000087e00000| Untracked 
|  45|0x0000000087f00000, 0x0000000087f00000, 0x0000000088000000|  0%| F|  |TAMS 0x0000000087f00000, 0x0000000087f00000| Untracked 
|  46|0x0000000088000000, 0x0000000088000000, 0x0000000088100000|  0%| F|  |TAMS 0x0000000088000000, 0x0000000088000000| Untracked 
|  47|0x0000000088100000, 0x0000000088100000, 0x0000000088200000|  0%| F|  |TAMS 0x0000000088100000, 0x0000000088100000| Untracked 
|  48|0x0000000088200000, 0x0000000088200000, 0x0000000088300000|  0%| F|  |TAMS 0x0000000088200000, 0x0000000088200000| Untracked 
|  49|0x0000000088300000, 0x0000000088300000, 0x0000000088400000|  0%| F|  |TAMS 0x0000000088300000, 0x0000000088300000| Untracked 
|  50|0x0000000088400000, 0x0000000088400000, 0x0000000088500000|  0%| F|  |TAMS 0x0000000088400000, 0x0000000088400000| Untracked 
|  51|0x0000000088500000, 0x0000000088500000, 0x0000000088600000|  0%| F|  |TAMS 0x0000000088500000, 0x0000000088500000| Untracked 
|  52|0x0000000088600000, 0x0000000088600000, 0x0000000088700000|  0%| F|  |TAMS 0x0000000088600000, 0x0000000088600000| Untracked 
|  53|0x0000000088700000, 0x0000000088700000, 0x0000000088800000|  0%| F|  |TAMS 0x0000000088700000, 0x0000000088700000| Untracked 
|  54|0x0000000088800000, 0x0000000088800000, 0x0000000088900000|  0%| F|  |TAMS 0x0000000088800000, 0x0000000088800000| Untracked 
|  55|0x0000000088900000, 0x0000000088900000, 0x0000000088a00000|  0%| F|  |TAMS 0x0000000088900000, 0x0000000088900000| Untracked 
|  56|0x0000000088a00000, 0x0000000088a00000, 0x0000000088b00000|  0%| F|  |TAMS 0x0000000088a00000, 0x0000000088a00000| Untracked 
|  57|0x0000000088b00000, 0x0000000088b00000, 0x0000000088c00000|  0%| F|  |TAMS 0x0000000088b00000, 0x0000000088b00000| Untracked 
|  58|0x0000000088c00000, 0x0000000088c00000, 0x0000000088d00000|  0%| F|  |TAMS 0x0000000088c00000, 0x0000000088c00000| Untracked 
|  59|0x0000000088d00000, 0x0000000088d00000, 0x0000000088e00000|  0%| F|  |TAMS 0x0000000088d00000, 0x0000000088d00000| Untracked 
|  60|0x0000000088e00000, 0x0000000088e00000, 0x0000000088f00000|  0%| F|  |TAMS 0x0000000088e00000, 0x0000000088e00000| Untracked 
|  61|0x0000000088f00000, 0x0000000088f00000, 0x0000000089000000|  0%| F|  |TAMS 0x0000000088f00000, 0x0000000088f00000| Untracked 
|  62|0x0000000089000000, 0x0000000089000000, 0x0000000089100000|  0%| F|  |TAMS 0x0000000089000000, 0x0000000089000000| Untracked 
|  63|0x0000000089100000, 0x0000000089100000, 0x0000000089200000|  0%| F|  |TAMS 0x0000000089100000, 0x0000000089100000| Untracked 
|  64|0x0000000089200000, 0x0000000089200000, 0x0000000089300000|  0%| F|  |TAMS 0x0000000089200000, 0x0000000089200000| Untracked 
|  65|0x0000000089300000, 0x0000000089300000, 0x0000000089400000|  0%| F|  |TAMS 0x0000000089300000, 0x0000000089300000| Untracked 
|  66|0x0000000089400000, 0x0000000089400000, 0x0000000089500000|  0%| F|  |TAMS 0x0000000089400000, 0x0000000089400000| Untracked 
|  67|0x0000000089500000, 0x0000000089500000, 0x0000000089600000|  0%| F|  |TAMS 0x0000000089500000, 0x0000000089500000| Untracked 
|  68|0x0000000089600000, 0x0000000089600000, 0x0000000089700000|  0%| F|  |TAMS 0x0000000089600000, 0x0000000089600000| Untracked 
|  69|0x0000000089700000, 0x0000000089781158, 0x0000000089800000| 50%| E|  |TAMS 0x0000000089700000, 0x0000000089700000| Complete 
|  70|0x0000000089800000, 0x0000000089900000, 0x0000000089900000|100%| E|CS|TAMS 0x0000000089800000, 0x0000000089800000| Complete 
|  71|0x0000000089900000, 0x0000000089a00000, 0x0000000089a00000|100%| E|CS|TAMS 0x0000000089900000, 0x0000000089900000| Complete 
|  72|0x0000000089a00000, 0x0000000089aa4228, 0x0000000089b00000| 64%| S|CS|TAMS 0x0000000089a00000, 0x0000000089a00000| Complete 
|  73|0x0000000089b00000, 0x0000000089c00000, 0x0000000089c00000|100%| S|CS|TAMS 0x0000000089b00000, 0x0000000089b00000| Complete 
|  74|0x0000000089c00000, 0x0000000089d00000, 0x0000000089d00000|100%| S|CS|TAMS 0x0000000089c00000, 0x0000000089c00000| Complete 
|  75|0x0000000089d00000, 0x0000000089e00000, 0x0000000089e00000|100%| E|CS|TAMS 0x0000000089d00000, 0x0000000089d00000| Complete 
|  76|0x0000000089e00000, 0x0000000089f00000, 0x0000000089f00000|100%| E|CS|TAMS 0x0000000089e00000, 0x0000000089e00000| Complete 
|  77|0x0000000089f00000, 0x000000008a000000, 0x000000008a000000|100%| E|CS|TAMS 0x0000000089f00000, 0x0000000089f00000| Complete 
|  78|0x000000008a000000, 0x000000008a100000, 0x000000008a100000|100%| E|CS|TAMS 0x000000008a000000, 0x000000008a000000| Complete 
|  79|0x000000008a100000, 0x000000008a200000, 0x000000008a200000|100%| E|CS|TAMS 0x000000008a100000, 0x000000008a100000| Complete 
| 123|0x000000008cd00000, 0x000000008ce00000, 0x000000008ce00000|100%| E|CS|TAMS 0x000000008cd00000, 0x000000008cd00000| Complete 

Card table byte_map: [0x000002677d450000,0x000002677d830000] _byte_map_base: 0x000002677d027000

Marking Bits (Prev, Next): (CMBitMap*) 0x00000267649f9130, (CMBitMap*) 0x00000267649f90f0
 Prev Bits: [0x0000026700000000, 0x0000026701eb8000)
 Next Bits: [0x000002677dc10000, 0x000002677fac8000)

Polling page: 0x0000026764a70000

Metaspace:

Usage:
  Non-class:     50.98 MB used.
      Class:      8.02 MB used.
       Both:     59.00 MB used.

Virtual space:
  Non-class space:       64.00 MB reserved,      51.25 MB ( 80%) committed,  1 nodes.
      Class space:        1.00 GB reserved,       8.25 MB ( <1%) committed,  1 nodes.
             Both:        1.06 GB reserved,      59.50 MB (  5%) committed. 

Chunk freelists:
   Non-Class:  12.64 MB
       Class:  7.72 MB
        Both:  20.36 MB

MaxMetaspaceSize: unlimited
CompressedClassSpaceSize: 1.00 GB
Initial GC threshold: 21.00 MB
Current GC threshold: 98.25 MB
CDS: on
MetaspaceReclaimPolicy: balanced
 - commit_granule_bytes: 65536.
 - commit_granule_words: 8192.
 - virtual_space_node_default_size: 8388608.
 - enlarge_chunks_in_place: 1.
 - new_chunks_are_fully_committed: 0.
 - uncommit_free_chunks: 1.
 - use_allocation_guard: 0.
 - handle_deallocations: 1.


Internal statistics:

num_allocs_failed_limit: 9.
num_arena_births: 712.
num_arena_deaths: 0.
num_vsnodes_births: 2.
num_vsnodes_deaths: 0.
num_space_committed: 952.
num_space_uncommitted: 0.
num_chunks_returned_to_freelist: 9.
num_chunks_taken_from_freelist: 2773.
num_chunk_merges: 9.
num_chunk_splits: 2031.
num_chunks_enlarged: 1610.
num_inconsistent_stats: 0.

CodeHeap 'non-profiled nmethods': size=120000Kb used=2718Kb max_used=3169Kb free=117281Kb
 bounds [0x0000026775500000, 0x0000026775830000, 0x000002677ca30000]
CodeHeap 'profiled nmethods': size=120000Kb used=8590Kb max_used=10644Kb free=111409Kb
 bounds [0x000002676da30000, 0x000002676e4a0000, 0x0000026774f60000]
CodeHeap 'non-nmethods': size=5760Kb used=1340Kb max_used=1432Kb free=4419Kb
 bounds [0x0000026774f60000, 0x00000267751d0000, 0x0000026775500000]
 total_blobs=4996 nmethods=4325 adapters=583
 compilation: enabled
              stopped_count=0, restarted_count=0
 full_count=0

Compilation events (20 events):
Event: 15.436 Thread 0x0000026704042dd0 5116       3       sun.reflect.generics.repository.AbstractRepository::getReifier (8 bytes)
Event: 15.436 Thread 0x0000026704042dd0 nmethod 5116 0x000002676db44110 code [0x000002676db442c0, 0x000002676db445b8]
Event: 15.437 Thread 0x0000026704042dd0 5118       3       java.lang.reflect.Executable::sharedGetParameterAnnotations (96 bytes)
Event: 15.438 Thread 0x0000026704042dd0 nmethod 5118 0x000002676da77790 code [0x000002676da77a20, 0x000002676da78798]
Event: 15.497 Thread 0x0000026704042dd0 5119       3       jdk.proxy2.$Proxy37::<init> (6 bytes)
Event: 15.497 Thread 0x0000026704042dd0 nmethod 5119 0x000002676dda6410 code [0x000002676dda65e0, 0x000002676dda6968]
Event: 15.523 Thread 0x0000026704042dd0 5120       3       org.springframework.beans.factory.support.RootBeanDefinition::getResolvedFactoryMethod (35 bytes)
Event: 15.523 Thread 0x0000026704042dd0 nmethod 5120 0x000002676e27a290 code [0x000002676e27a440, 0x000002676e27a968]
Event: 15.532 Thread 0x0000026704042dd0 5121   !   3       jdk.internal.reflect.GeneratedConstructorAccessor20::newInstance (53 bytes)
Event: 15.532 Thread 0x0000026704042dd0 nmethod 5121 0x000002676daefb10 code [0x000002676daefd40, 0x000002676daf05e8]
Event: 15.537 Thread 0x0000026704042dd0 5122       1       org.springframework.web.context.support.GenericWebApplicationContext::getServletContext (5 bytes)
Event: 15.537 Thread 0x0000026704042dd0 nmethod 5122 0x0000026775513a90 code [0x0000026775513c20, 0x0000026775513cf8]
Event: 15.549 Thread 0x0000026704042dd0 5124       3       java.lang.reflect.Parameter::isNamePresent (23 bytes)
Event: 15.549 Thread 0x0000026704042dd0 nmethod 5124 0x000002676dd3cc90 code [0x000002676dd3ce40, 0x000002676dd3d168]
Event: 15.551 Thread 0x0000026704042dd0 5125       3       org.springframework.core.MethodParameter::getParameterAnnotations (104 bytes)
Event: 15.553 Thread 0x0000026704042dd0 nmethod 5125 0x000002676e303010 code [0x000002676e303280, 0x000002676e303f38]
Event: 15.554 Thread 0x0000026704042dd0 5126       3       org.springframework.beans.factory.InjectionPoint::getAnnotations (39 bytes)
Event: 15.554 Thread 0x0000026704042dd0 nmethod 5126 0x000002676df00810 code [0x000002676df00a40, 0x000002676df013c8]
Event: 15.555 Thread 0x0000026704042dd0 5127       3       java.lang.reflect.Parameter::getName (45 bytes)
Event: 15.555 Thread 0x0000026704042dd0 nmethod 5127 0x000002676da79510 code [0x000002676da79740, 0x000002676da79e28]

GC Heap History (20 events):
Event: 6.524 GC heap before
{Heap before GC invocations=5 (full 0):
 garbage-first heap   total 51200K, used 37227K [0x0000000085200000, 0x0000000100000000)
  region size 1024K, 30 young (30720K), 7 survivors (7168K)
 Metaspace       used 25391K, committed 25792K, reserved 1114112K
  class space    used 3246K, committed 3456K, reserved 1048576K
}
Event: 6.549 GC heap after
{Heap after GC invocations=6 (full 0):
 garbage-first heap   total 51200K, used 16362K [0x0000000085200000, 0x0000000100000000)
  region size 1024K, 3 young (3072K), 3 survivors (3072K)
 Metaspace       used 25391K, committed 25792K, reserved 1114112K
  class space    used 3246K, committed 3456K, reserved 1048576K
}
Event: 6.623 GC heap before
{Heap before GC invocations=6 (full 0):
 garbage-first heap   total 51200K, used 17386K [0x0000000085200000, 0x0000000100000000)
  region size 1024K, 4 young (4096K), 3 survivors (3072K)
 Metaspace       used 25549K, committed 25920K, reserved 1114112K
  class space    used 3270K, committed 3456K, reserved 1048576K
}
Event: 6.632 GC heap after
{Heap after GC invocations=7 (full 0):
 garbage-first heap   total 51200K, used 16435K [0x0000000085200000, 0x0000000100000000)
  region size 1024K, 1 young (1024K), 1 survivors (1024K)
 Metaspace       used 25549K, committed 25920K, reserved 1114112K
  class space    used 3270K, committed 3456K, reserved 1048576K
}
Event: 7.717 GC heap before
{Heap before GC invocations=7 (full 0):
 garbage-first heap   total 51200K, used 35891K [0x0000000085200000, 0x0000000100000000)
  region size 1024K, 20 young (20480K), 1 survivors (1024K)
 Metaspace       used 29390K, committed 29824K, reserved 1114112K
  class space    used 3779K, committed 4032K, reserved 1048576K
}
Event: 7.723 GC heap after
{Heap after GC invocations=8 (full 0):
 garbage-first heap   total 51200K, used 17539K [0x0000000085200000, 0x0000000100000000)
  region size 1024K, 2 young (2048K), 2 survivors (2048K)
 Metaspace       used 29390K, committed 29824K, reserved 1114112K
  class space    used 3779K, committed 4032K, reserved 1048576K
}
Event: 8.792 GC heap before
{Heap before GC invocations=8 (full 0):
 garbage-first heap   total 51200K, used 36995K [0x0000000085200000, 0x0000000100000000)
  region size 1024K, 21 young (21504K), 2 survivors (2048K)
 Metaspace       used 34088K, committed 34560K, reserved 1114112K
  class space    used 4467K, committed 4672K, reserved 1048576K
}
Event: 8.797 GC heap after
{Heap after GC invocations=9 (full 0):
 garbage-first heap   total 51200K, used 18524K [0x0000000085200000, 0x0000000100000000)
  region size 1024K, 3 young (3072K), 3 survivors (3072K)
 Metaspace       used 34088K, committed 34560K, reserved 1114112K
  class space    used 4467K, committed 4672K, reserved 1048576K
}
Event: 9.184 GC heap before
{Heap before GC invocations=9 (full 0):
 garbage-first heap   total 51200K, used 24668K [0x0000000085200000, 0x0000000100000000)
  region size 1024K, 10 young (10240K), 3 survivors (3072K)
 Metaspace       used 35509K, committed 35968K, reserved 1114112K
  class space    used 4742K, committed 4928K, reserved 1048576K
}
Event: 9.188 GC heap after
{Heap after GC invocations=10 (full 0):
 garbage-first heap   total 51200K, used 18949K [0x0000000085200000, 0x0000000100000000)
  region size 1024K, 2 young (2048K), 2 survivors (2048K)
 Metaspace       used 35509K, committed 35968K, reserved 1114112K
  class space    used 4742K, committed 4928K, reserved 1048576K
}
Event: 10.362 GC heap before
{Heap before GC invocations=11 (full 0):
 garbage-first heap   total 51200K, used 37381K [0x0000000085200000, 0x0000000100000000)
  region size 1024K, 21 young (21504K), 2 survivors (2048K)
 Metaspace       used 44015K, committed 44480K, reserved 1114112K
  class space    used 5804K, committed 6016K, reserved 1048576K
}
Event: 10.366 GC heap after
{Heap after GC invocations=12 (full 0):
 garbage-first heap   total 51200K, used 21041K [0x0000000085200000, 0x0000000100000000)
  region size 1024K, 3 young (3072K), 3 survivors (3072K)
 Metaspace       used 44015K, committed 44480K, reserved 1114112K
  class space    used 5804K, committed 6016K, reserved 1048576K
}
Event: 10.422 GC heap before
{Heap before GC invocations=12 (full 0):
 garbage-first heap   total 51200K, used 22065K [0x0000000085200000, 0x0000000100000000)
  region size 1024K, 4 young (4096K), 3 survivors (3072K)
 Metaspace       used 44150K, committed 44608K, reserved 1114112K
  class space    used 5823K, committed 6080K, reserved 1048576K
}
Event: 10.427 GC heap after
{Heap after GC invocations=13 (full 0):
 garbage-first heap   total 51200K, used 21127K [0x0000000085200000, 0x0000000100000000)
  region size 1024K, 1 young (1024K), 1 survivors (1024K)
 Metaspace       used 44150K, committed 44608K, reserved 1114112K
  class space    used 5823K, committed 6080K, reserved 1048576K
}
Event: 11.523 GC heap before
{Heap before GC invocations=13 (full 0):
 garbage-first heap   total 51200K, used 37511K [0x0000000085200000, 0x0000000100000000)
  region size 1024K, 18 young (18432K), 1 survivors (1024K)
 Metaspace       used 47523K, committed 48000K, reserved 1114112K
  class space    used 6261K, committed 6464K, reserved 1048576K
}
Event: 11.526 GC heap after
{Heap after GC invocations=14 (full 0):
 garbage-first heap   total 82944K, used 21842K [0x0000000085200000, 0x0000000100000000)
  region size 1024K, 2 young (2048K), 2 survivors (2048K)
 Metaspace       used 47523K, committed 48000K, reserved 1114112K
  class space    used 6261K, committed 6464K, reserved 1048576K
}
Event: 13.654 GC heap before
{Heap before GC invocations=14 (full 0):
 garbage-first heap   total 82944K, used 60754K [0x0000000085200000, 0x0000000100000000)
  region size 1024K, 41 young (41984K), 2 survivors (2048K)
 Metaspace       used 58327K, committed 58880K, reserved 1114112K
  class space    used 7870K, committed 8128K, reserved 1048576K
}
Event: 13.659 GC heap after
{Heap after GC invocations=15 (full 0):
 garbage-first heap   total 82944K, used 23958K [0x0000000085200000, 0x0000000100000000)
  region size 1024K, 4 young (4096K), 4 survivors (4096K)
 Metaspace       used 58327K, committed 58880K, reserved 1114112K
  class space    used 7870K, committed 8128K, reserved 1048576K
}
Event: 14.393 GC heap before
{Heap before GC invocations=15 (full 0):
 garbage-first heap   total 82944K, used 29078K [0x0000000085200000, 0x0000000100000000)
  region size 1024K, 10 young (10240K), 4 survivors (4096K)
 Metaspace       used 59764K, committed 60288K, reserved 1114112K
  class space    used 8051K, committed 8256K, reserved 1048576K
}
Event: 14.401 GC heap after
{Heap after GC invocations=16 (full 0):
 garbage-first heap   total 82944K, used 24499K [0x0000000085200000, 0x0000000100000000)
  region size 1024K, 3 young (3072K), 3 survivors (3072K)
 Metaspace       used 59764K, committed 60288K, reserved 1114112K
  class space    used 8051K, committed 8256K, reserved 1048576K
}

Deoptimization events (20 events):
Event: 13.547 Thread 0x000002676499e650 Uncommon trap: trap_request=0xffffff45 fr.pc=0x00000267758050c4 relative=0x0000000000001c64
Event: 13.547 Thread 0x000002676499e650 Uncommon trap: reason=unstable_if action=reinterpret pc=0x00000267758050c4 method=java.lang.PublicMethods$MethodList.merge(Ljava/lang/PublicMethods$MethodList;Ljava/lang/reflect/Method;)Ljava/lang/PublicMethods$MethodList; @ 62 c2
Event: 13.547 Thread 0x000002676499e650 DEOPT PACKING pc=0x00000267758050c4 sp=0x000000a9ce6faa00
Event: 13.547 Thread 0x000002676499e650 DEOPT UNPACKING pc=0x0000026774fb23a3 sp=0x000000a9ce6fa8e0 mode 2
Event: 14.352 Thread 0x000002676499e650 Uncommon trap: trap_request=0xffffffbe fr.pc=0x00000267755da1f0 relative=0x00000000000038f0
Event: 14.352 Thread 0x000002676499e650 Uncommon trap: reason=profile_predicate action=maybe_recompile pc=0x00000267755da1f0 method=org.springframework.util.ReflectionUtils.doWithMethods(Ljava/lang/Class;Lorg/springframework/util/ReflectionUtils$MethodCallback;Lorg/springframework/util/Reflecti
Event: 14.352 Thread 0x000002676499e650 DEOPT PACKING pc=0x00000267755da1f0 sp=0x000000a9ce6fc230
Event: 14.356 Thread 0x000002676499e650 DEOPT UNPACKING pc=0x0000026774fb23a3 sp=0x000000a9ce6fc288 mode 2
Event: 14.356 Thread 0x000002676499e650 Uncommon trap: trap_request=0xffffffbe fr.pc=0x00000267755da1f0 relative=0x00000000000038f0
Event: 14.356 Thread 0x000002676499e650 Uncommon trap: reason=profile_predicate action=maybe_recompile pc=0x00000267755da1f0 method=org.springframework.util.ReflectionUtils.doWithMethods(Ljava/lang/Class;Lorg/springframework/util/ReflectionUtils$MethodCallback;Lorg/springframework/util/Reflecti
Event: 14.356 Thread 0x000002676499e650 DEOPT PACKING pc=0x00000267755da1f0 sp=0x000000a9ce6fc180
Event: 14.357 Thread 0x000002676499e650 DEOPT UNPACKING pc=0x0000026774fb23a3 sp=0x000000a9ce6fc1d8 mode 2
Event: 14.390 Thread 0x000002676499e650 Uncommon trap: trap_request=0xffffffbe fr.pc=0x00000267755da1f0 relative=0x00000000000038f0
Event: 14.390 Thread 0x000002676499e650 Uncommon trap: reason=profile_predicate action=maybe_recompile pc=0x00000267755da1f0 method=org.springframework.util.ReflectionUtils.doWithMethods(Ljava/lang/Class;Lorg/springframework/util/ReflectionUtils$MethodCallback;Lorg/springframework/util/Reflecti
Event: 14.390 Thread 0x000002676499e650 DEOPT PACKING pc=0x00000267755da1f0 sp=0x000000a9ce6fc230
Event: 14.390 Thread 0x000002676499e650 DEOPT UNPACKING pc=0x0000026774fb23a3 sp=0x000000a9ce6fc288 mode 2
Event: 14.391 Thread 0x000002676499e650 Uncommon trap: trap_request=0xffffffbe fr.pc=0x00000267755da1f0 relative=0x00000000000038f0
Event: 14.391 Thread 0x000002676499e650 Uncommon trap: reason=profile_predicate action=maybe_recompile pc=0x00000267755da1f0 method=org.springframework.util.ReflectionUtils.doWithMethods(Ljava/lang/Class;Lorg/springframework/util/ReflectionUtils$MethodCallback;Lorg/springframework/util/Reflecti
Event: 14.391 Thread 0x000002676499e650 DEOPT PACKING pc=0x00000267755da1f0 sp=0x000000a9ce6fc180
Event: 14.391 Thread 0x000002676499e650 DEOPT UNPACKING pc=0x0000026774fb23a3 sp=0x000000a9ce6fc1d8 mode 2

Classes unloaded (0 events):
No events

Classes redefined (0 events):
No events

Internal exceptions (20 events):
Event: 11.695 Thread 0x000002676499e650 Exception <a 'java/lang/NoSuchMethodError'{0x0000000089e09888}: 'java.lang.Object java.lang.invoke.DirectMethodHandle$Holder.invokeStaticInit(java.lang.Object, java.lang.Object, int, java.lang.Object)'> (0x0000000089e09888) 
thrown [s\open\src\hotspot\share\interpreter\linkResolver.cpp, line 759]
Event: 12.902 Thread 0x000002676499e650 Exception <a 'java/lang/NoSuchMethodError'{0x0000000088ba3410}: 'void java.lang.invoke.DirectMethodHandle$Holder.invokeInterface(java.lang.Object, java.lang.Object, int, java.lang.Object)'> (0x0000000088ba3410) 
thrown [s\open\src\hotspot\share\interpreter\linkResolver.cpp, line 759]
Event: 12.910 Thread 0x000002676499e650 Exception <a 'java/lang/NoSuchMethodError'{0x0000000088bcb5c0}: 'java.lang.Object java.lang.invoke.DirectMethodHandle$Holder.newInvokeSpecial(java.lang.Object, java.lang.Object, int, java.lang.Object)'> (0x0000000088bcb5c0) 
thrown [s\open\src\hotspot\share\interpreter\linkResolver.cpp, line 759]
Event: 12.911 Thread 0x000002676499e650 Exception <a 'java/lang/NoSuchMethodError'{0x0000000088bcf188}: 'java.lang.Object java.lang.invoke.Invokers$Holder.linkToTargetMethod(java.lang.Object, int, java.lang.Object, java.lang.Object)'> (0x0000000088bcf188) 
thrown [s\open\src\hotspot\share\interpreter\linkResolver.cpp, line 759]
Event: 12.950 Thread 0x000002676499e650 Exception <a 'java/lang/NoSuchMethodError'{0x0000000088ab04e8}: 'void java.lang.invoke.DirectMethodHandle$Holder.invokeSpecial(java.lang.Object, java.lang.Object, int, java.lang.Object)'> (0x0000000088ab04e8) 
thrown [s\open\src\hotspot\share\interpreter\linkResolver.cpp, line 759]
Event: 12.952 Thread 0x000002676499e650 Exception <a 'java/lang/NoSuchMethodError'{0x0000000088ab73f0}: 'java.lang.Object java.lang.invoke.DirectMethodHandle$Holder.newInvokeSpecial(java.lang.Object, java.lang.Object, int)'> (0x0000000088ab73f0) 
thrown [s\open\src\hotspot\share\interpreter\linkResolver.cpp, line 759]
Event: 12.953 Thread 0x000002676499e650 Exception <a 'java/lang/IncompatibleClassChangeError'{0x0000000088abb0b8}: Found class java.lang.Object, but interface was expected> (0x0000000088abb0b8) 
thrown [s\open\src\hotspot\share\interpreter\linkResolver.cpp, line 826]
Event: 13.019 Thread 0x000002676499e650 Exception <a 'java/lang/NoSuchMethodError'{0x000000008882c570}: 'int java.lang.invoke.DirectMethodHandle$Holder.invokeStatic(java.lang.Object, int, java.lang.Object)'> (0x000000008882c570) 
thrown [s\open\src\hotspot\share\interpreter\linkResolver.cpp, line 759]
Event: 13.024 Thread 0x000002676499e650 Exception <a 'java/lang/NoSuchMethodError'{0x000000008884d318}: 'java.lang.Object java.lang.invoke.DirectMethodHandle$Holder.newInvokeSpecial(java.lang.Object, java.lang.Object, java.lang.Object, java.lang.Object, java.lang.Object, int, java.lang.Object)'> (0x000000008884d318) 
thrown [s\open\src\hotspot\share\interpreter\linkResolver.cpp, line 759]
Event: 13.032 Thread 0x000002676499e650 Exception <a 'java/lang/NoSuchMethodError'{0x00000000888858e8}: 'java.lang.Object java.lang.invoke.DirectMethodHandle$Holder.newInvokeSpecial(java.lang.Object, java.lang.Object, java.lang.Object, java.lang.Object, java.lang.Object, java.lang.Object, java.lang.Object, java.lang.Object, java.lang.Object, java.lang.Object, java.lang.Object, java.lang.Object)'> (0x00000000888858e8) 
thrown [s\open\src\hotspot\share\interpreter\linkResolver.cpp, line 759]
Event: 13.033 Thread 0x000002676499e650 Exception <a 'java/lang/NoSuchMethodError'{0x000000008888a380}: 'java.lang.Object java.lang.invoke.DirectMethodHandle$Holder.invokeSpecial(java.lang.Object, java.lang.Object, java.lang.Object, java.lang.Object, java.lang.Object, java.lang.Object, java.lang.Object, java.lang.Object, java.lang.Object, java.lang.Object, java.lang.Object, java.lang.Object, java.lang.Object)'> (0x000000008888a380) 
thrown [s\open\src\hotspot\share\interpreter\linkResolver.cpp, line 759]
Event: 13.033 Thread 0x000002676499e650 Exception <a 'java/lang/NoSuchMethodError'{0x000000008888efb8}: 'java.lang.Object java.lang.invoke.Invokers$Holder.linkToTargetMethod(java.lang.Object, java.lang.Object, java.lang.Object, java.lang.Object, java.lang.Object, java.lang.Object, java.lang.Object, java.lang.Object, java.lang.Object, java.lang.Object, java.lang.Object, java.lang.Object)'> (0x000000008888efb8) 
thrown [s\open\src\hotspot\share\interpreter\linkResolver.cpp, line 759]
Event: 13.109 Thread 0x000002676499e650 Exception <a 'java/lang/IncompatibleClassChangeError'{0x000000008863bb18}: Found class java.lang.Object, but interface was expected> (0x000000008863bb18) 
thrown [s\open\src\hotspot\share\interpreter\linkResolver.cpp, line 826]
Event: 13.132 Thread 0x000002676499e650 Exception <a 'java/lang/NoSuchMethodError'{0x00000000886bec40}: 'java.lang.Object java.lang.invoke.DirectMethodHandle$Holder.newInvokeSpecial(java.lang.Object, java.lang.Object, java.lang.Object, java.lang.Object, java.lang.Object, java.lang.Object, java.lang.Object, int)'> (0x00000000886bec40) 
thrown [s\open\src\hotspot\share\interpreter\linkResolver.cpp, line 759]
Event: 13.132 Thread 0x000002676499e650 Exception <a 'java/lang/NoSuchMethodError'{0x00000000886c3c38}: 'java.lang.Object java.lang.invoke.DirectMethodHandle$Holder.invokeSpecial(java.lang.Object, java.lang.Object, java.lang.Object, java.lang.Object, java.lang.Object, java.lang.Object, java.lang.Object, java.lang.Object, int)'> (0x00000000886c3c38) 
thrown [s\open\src\hotspot\share\interpreter\linkResolver.cpp, line 759]
Event: 13.133 Thread 0x000002676499e650 Exception <a 'java/lang/NoSuchMethodError'{0x00000000886c8700}: 'java.lang.Object java.lang.invoke.Invokers$Holder.linkToTargetMethod(java.lang.Object, java.lang.Object, java.lang.Object, java.lang.Object, java.lang.Object, java.lang.Object, int, java.lang.Object)'> (0x00000000886c8700) 
thrown [s\open\src\hotspot\share\interpreter\linkResolver.cpp, line 759]
Event: 13.171 Thread 0x000002676499e650 Exception <a 'java/lang/NoSuchMethodError'{0x00000000885a6cd8}: 'void java.lang.invoke.DirectMethodHandle$Holder.invokeInterface(java.lang.Object, java.lang.Object)'> (0x00000000885a6cd8) 
thrown [s\open\src\hotspot\share\interpreter\linkResolver.cpp, line 759]
Event: 13.596 Thread 0x000002676499e650 Exception <a 'java/lang/IncompatibleClassChangeError'{0x0000000087c124d8}: Found class java.lang.Object, but interface was expected> (0x0000000087c124d8) 
thrown [s\open\src\hotspot\share\interpreter\linkResolver.cpp, line 826]
Event: 13.695 Thread 0x000002676499e650 Exception <a 'java/lang/IncompatibleClassChangeError'{0x000000008cdb4280}: Found class java.lang.Object, but interface was expected> (0x000000008cdb4280) 
thrown [s\open\src\hotspot\share\interpreter\linkResolver.cpp, line 826]
Event: 14.991 Thread 0x000002676499e650 Exception <a 'java/lang/IncompatibleClassChangeError'{0x000000008a1d00a0}: Found class java.lang.Object, but interface was expected> (0x000000008a1d00a0) 
thrown [s\open\src\hotspot\share\interpreter\linkResolver.cpp, line 826]

VM Operations (20 events):
Event: 13.432 Executing VM operation: HandshakeAllThreads
Event: 13.432 Executing VM operation: HandshakeAllThreads done
Event: 13.457 Executing VM operation: HandshakeAllThreads
Event: 13.457 Executing VM operation: HandshakeAllThreads done
Event: 13.547 Executing VM operation: HandshakeAllThreads
Event: 13.548 Executing VM operation: HandshakeAllThreads done
Event: 13.654 Executing VM operation: G1CollectForAllocation
Event: 13.660 Executing VM operation: G1CollectForAllocation done
Event: 14.393 Executing VM operation: CollectForMetadataAllocation
Event: 14.401 Executing VM operation: CollectForMetadataAllocation done
Event: 14.481 Executing VM operation: G1Concurrent
Event: 14.515 Executing VM operation: G1Concurrent done
Event: 14.555 Executing VM operation: G1Concurrent
Event: 14.557 Executing VM operation: G1Concurrent done
Event: 15.102 Executing VM operation: HandshakeAllThreads
Event: 15.102 Executing VM operation: HandshakeAllThreads done
Event: 15.103 Executing VM operation: HandshakeAllThreads
Event: 15.103 Executing VM operation: HandshakeAllThreads done
Event: 15.547 Executing VM operation: HandshakeAllThreads
Event: 15.547 Executing VM operation: HandshakeAllThreads done

Events (20 events):
Event: 13.555 Thread 0x000002670405c630 flushing nmethod 0x000002676e30d690
Event: 13.555 Thread 0x000002670405c630 flushing nmethod 0x000002676e30dc10
Event: 13.555 Thread 0x000002670405c630 flushing nmethod 0x000002676e30e010
Event: 13.555 Thread 0x000002670405c630 flushing nmethod 0x000002676e310990
Event: 13.555 Thread 0x000002670405c630 flushing nmethod 0x000002676e311010
Event: 13.555 Thread 0x000002670405c630 flushing nmethod 0x000002676e316910
Event: 13.555 Thread 0x000002670405c630 flushing nmethod 0x000002676e319310
Event: 13.555 Thread 0x000002670405c630 flushing nmethod 0x000002676e341010
Event: 13.555 Thread 0x000002670405c630 flushing nmethod 0x000002676e343210
Event: 13.555 Thread 0x000002670405c630 flushing nmethod 0x000002676e35ca10
Event: 13.555 Thread 0x000002670405c630 flushing nmethod 0x000002676e3c2710
Event: 13.555 Thread 0x000002670405c630 flushing nmethod 0x000002676e40da10
Event: 13.555 Thread 0x000002670405c630 flushing nmethod 0x000002676e41ca90
Event: 13.556 Thread 0x000002670405c630 flushing nmethod 0x000002676e471b90
Event: 14.524 Thread 0x000002674c459b40 Thread exited: 0x000002674c459b40
Event: 15.091 loading class java/lang/Package$1PackageInfoProxy
Event: 15.092 loading class java/lang/Package$1PackageInfoProxy done
Event: 15.157 Thread 0x000002674c459b40 Thread added: 0x000002674c459b40
Event: 15.545 loading class java/util/ArrayList$ListItr
Event: 15.546 loading class java/util/ArrayList$ListItr done


Dynamic libraries:
0x00007ff7821f0000 - 0x00007ff782200000 	C:\Program Files\Java\jdk-17\bin\java.exe
0x00007ffcecc50000 - 0x00007ffcece48000 	C:\WINDOWS\SYSTEM32\ntdll.dll
0x00007ffceb670000 - 0x00007ffceb732000 	C:\WINDOWS\System32\KERNEL32.DLL
0x00007ffcea970000 - 0x00007ffceac6e000 	C:\WINDOWS\System32\KERNELBASE.dll
0x00007ffcea840000 - 0x00007ffcea940000 	C:\WINDOWS\System32\ucrtbase.dll
0x00007ffce2ca0000 - 0x00007ffce2cb9000 	C:\Program Files\Java\jdk-17\bin\jli.dll
0x00007ffcec880000 - 0x00007ffcec932000 	C:\WINDOWS\System32\ADVAPI32.dll
0x00007ffceac70000 - 0x00007ffcead0e000 	C:\WINDOWS\System32\msvcrt.dll
0x00007ffceb5d0000 - 0x00007ffceb670000 	C:\WINDOWS\System32\sechost.dll
0x00007ffcec940000 - 0x00007ffceca63000 	C:\WINDOWS\System32\RPCRT4.dll
0x00007ffcea940000 - 0x00007ffcea967000 	C:\WINDOWS\System32\bcrypt.dll
0x00007ffceca70000 - 0x00007ffcecc0d000 	C:\WINDOWS\System32\USER32.dll
0x00007ffcea570000 - 0x00007ffcea592000 	C:\WINDOWS\System32\win32u.dll
0x00007ffcec740000 - 0x00007ffcec76b000 	C:\WINDOWS\System32\GDI32.dll
0x00007ffcea720000 - 0x00007ffcea837000 	C:\WINDOWS\System32\gdi32full.dll
0x00007ffcea680000 - 0x00007ffcea71d000 	C:\WINDOWS\System32\msvcp_win.dll
0x00007ffcd3520000 - 0x00007ffcd37ba000 	C:\WINDOWS\WinSxS\amd64_microsoft.windows.common-controls_6595b64144ccf1df_6.0.19041.4355_none_60b8b9eb71f62e16\COMCTL32.dll
0x00007ffce1ae0000 - 0x00007ffce1aea000 	C:\WINDOWS\SYSTEM32\VERSION.dll
0x00007ffce3e90000 - 0x00007ffce3eab000 	C:\Program Files\Java\jdk-17\bin\VCRUNTIME140.dll
0x00007ffcec770000 - 0x00007ffcec79f000 	C:\WINDOWS\System32\IMM32.DLL
0x00007ffce6790000 - 0x00007ffce679c000 	C:\Program Files\Java\jdk-17\bin\vcruntime140_1.dll
0x00007ffcb7d10000 - 0x00007ffcb7d9e000 	C:\Program Files\Java\jdk-17\bin\msvcp140.dll
0x00007ffc9f780000 - 0x00007ffca0360000 	C:\Program Files\Java\jdk-17\bin\server\jvm.dll
0x00007ffceafa0000 - 0x00007ffceafa8000 	C:\WINDOWS\System32\PSAPI.DLL
0x00007ffcd13b0000 - 0x00007ffcd13b9000 	C:\WINDOWS\SYSTEM32\WSOCK32.dll
0x00007ffceb080000 - 0x00007ffceb0eb000 	C:\WINDOWS\System32\WS2_32.dll
0x00007ffcdb320000 - 0x00007ffcdb347000 	C:\WINDOWS\SYSTEM32\WINMM.dll
0x00007ffce8b40000 - 0x00007ffce8b52000 	C:\WINDOWS\SYSTEM32\kernel.appcore.dll
0x00007ffce44a0000 - 0x00007ffce44aa000 	C:\Program Files\Java\jdk-17\bin\jimage.dll
0x00007ffce8820000 - 0x00007ffce8a04000 	C:\WINDOWS\SYSTEM32\DBGHELP.DLL
0x00007ffcd7910000 - 0x00007ffcd7944000 	C:\WINDOWS\SYSTEM32\dbgcore.DLL
0x00007ffcea5f0000 - 0x00007ffcea672000 	C:\WINDOWS\System32\bcryptPrimitives.dll
0x00007ffce3e70000 - 0x00007ffce3e7e000 	C:\Program Files\Java\jdk-17\bin\instrument.dll
0x00007ffcdaff0000 - 0x00007ffcdb015000 	C:\Program Files\Java\jdk-17\bin\java.dll
0x00007ffcb5bd0000 - 0x00007ffcb5ca7000 	C:\Program Files\Java\jdk-17\bin\jsvml.dll
0x00007ffcebea0000 - 0x00007ffcec60f000 	C:\WINDOWS\System32\SHELL32.dll
0x00007ffce7fa0000 - 0x00007ffce8744000 	C:\WINDOWS\SYSTEM32\windows.storage.dll
0x00007ffceb270000 - 0x00007ffceb5c3000 	C:\WINDOWS\System32\combase.dll
0x00007ffce9c50000 - 0x00007ffce9c7e000 	C:\WINDOWS\SYSTEM32\Wldp.dll
0x00007ffceb900000 - 0x00007ffceb9cd000 	C:\WINDOWS\System32\OLEAUT32.dll
0x00007ffceafb0000 - 0x00007ffceb05d000 	C:\WINDOWS\System32\SHCORE.dll
0x00007ffceb0f0000 - 0x00007ffceb145000 	C:\WINDOWS\System32\shlwapi.dll
0x00007ffcea220000 - 0x00007ffcea244000 	C:\WINDOWS\SYSTEM32\profapi.dll
0x00007ffce2ac0000 - 0x00007ffce2ad8000 	C:\Program Files\Java\jdk-17\bin\zip.dll
0x00007ffcdafd0000 - 0x00007ffcdafe9000 	C:\Program Files\Java\jdk-17\bin\net.dll
0x00007ffcdbb50000 - 0x00007ffcdbc5d000 	C:\WINDOWS\SYSTEM32\WINHTTP.dll
0x00007ffce99b0000 - 0x00007ffce9a1a000 	C:\WINDOWS\system32\mswsock.dll
0x00007ffcdafb0000 - 0x00007ffcdafc6000 	C:\Program Files\Java\jdk-17\bin\nio.dll
0x00007ffcdaf90000 - 0x00007ffcdafaa000 	C:\Program Files\JetBrains\IntelliJ IDEA Community Edition 2024.2\bin\breakgen64.dll
0x00007ffce3ee0000 - 0x00007ffce3eee000 	C:\Program Files\Java\jdk-17\bin\sunmscapi.dll
0x00007ffcea2f0000 - 0x00007ffcea44c000 	C:\WINDOWS\System32\CRYPT32.dll
0x00007ffce9cc0000 - 0x00007ffce9ce7000 	C:\WINDOWS\SYSTEM32\ncrypt.dll
0x00007ffce9c80000 - 0x00007ffce9cbb000 	C:\WINDOWS\SYSTEM32\NTASN1.dll
0x00007ffce9ba0000 - 0x00007ffce9bb8000 	C:\WINDOWS\SYSTEM32\CRYPTSP.dll
0x00007ffce92d0000 - 0x00007ffce9304000 	C:\WINDOWS\system32\rsaenh.dll
0x00007ffcea1e0000 - 0x00007ffcea20e000 	C:\WINDOWS\SYSTEM32\USERENV.dll
0x00007ffce9bc0000 - 0x00007ffce9bcc000 	C:\WINDOWS\SYSTEM32\CRYPTBASE.dll
0x00007ffce9690000 - 0x00007ffce96cb000 	C:\WINDOWS\SYSTEM32\IPHLPAPI.DLL
0x00007ffceb200000 - 0x00007ffceb208000 	C:\WINDOWS\System32\NSI.dll
0x00007ffcde620000 - 0x00007ffcde637000 	C:\WINDOWS\SYSTEM32\dhcpcsvc6.DLL
0x00007ffce0670000 - 0x00007ffce068d000 	C:\WINDOWS\SYSTEM32\dhcpcsvc.DLL
0x00007ffce96d0000 - 0x00007ffce979a000 	C:\WINDOWS\SYSTEM32\DNSAPI.dll
0x00007ffce2c00000 - 0x00007ffce2c0a000 	C:\Program Files\Java\jdk-17\bin\management.dll
0x00007ffcdacf0000 - 0x00007ffcdacfb000 	C:\Program Files\Java\jdk-17\bin\management_ext.dll
0x00007ffce3e60000 - 0x00007ffce3e70000 	C:\Program Files\Java\jdk-17\bin\verify.dll
0x00007ffce27f0000 - 0x00007ffce27fa000 	C:\Windows\System32\rasadhlp.dll
0x00007ffcda7f0000 - 0x00007ffcda870000 	C:\WINDOWS\System32\fwpuclnt.dll

dbghelp: loaded successfully - version: 4.0.5 - missing functions: none
symbol engine: initialized successfully - sym options: 0x614 - pdb path: .;C:\Program Files\Java\jdk-17\bin;C:\WINDOWS\SYSTEM32;C:\WINDOWS\WinSxS\amd64_microsoft.windows.common-controls_6595b64144ccf1df_6.0.19041.4355_none_60b8b9eb71f62e16;C:\Program Files\Java\jdk-17\bin\server;C:\Program Files\JetBrains\IntelliJ IDEA Community Edition 2024.2\bin

VM Arguments:
jvm_args: -javaagent:C:\Program Files\JetBrains\IntelliJ IDEA Community Edition 2024.2\lib\idea_rt.jar=59665:C:\Program Files\JetBrains\IntelliJ IDEA Community Edition 2024.2\bin -Dfile.encoding=UTF-8 
java_command: com.ran.hotel.service.Hotel.Service.HotelServiceApplication
java_class_path (initial): C:\Users\shara\OneDrive\Desktop\MICROSERVICES - PROJECTS\microsevices\Hotel-Service\target\classes;C:\Users\shara\.m2\repository\org\springframework\boot\spring-boot-starter-data-jpa\3.4.2\spring-boot-starter-data-jpa-3.4.2.jar;C:\Users\shara\.m2\repository\org\springframework\boot\spring-boot-starter\3.4.2\spring-boot-starter-3.4.2.jar;C:\Users\shara\.m2\repository\org\springframework\boot\spring-boot\3.4.2\spring-boot-3.4.2.jar;C:\Users\shara\.m2\repository\org\springframework\boot\spring-boot-autoconfigure\3.4.2\spring-boot-autoconfigure-3.4.2.jar;C:\Users\shara\.m2\repository\org\springframework\boot\spring-boot-starter-logging\3.4.2\spring-boot-starter-logging-3.4.2.jar;C:\Users\shara\.m2\repository\ch\qos\logback\logback-classic\1.5.16\logback-classic-1.5.16.jar;C:\Users\shara\.m2\repository\ch\qos\logback\logback-core\1.5.16\logback-core-1.5.16.jar;C:\Users\shara\.m2\repository\org\apache\logging\log4j\log4j-to-slf4j\2.24.3\log4j-to-slf4j-2.24.3.jar;C:\Users\shara\.m2\repository\org\apache\logging\log4j\log4j-api\2.24.3\log4j-api-2.24.3.jar;C:\Users\shara\.m2\repository\org\slf4j\jul-to-slf4j\2.0.16\jul-to-slf4j-2.0.16.jar;C:\Users\shara\.m2\repository\jakarta\annotation\jakarta.annotation-api\2.1.1\jakarta.annotation-api-2.1.1.jar;C:\Users\shara\.m2\repository\org\yaml\snakeyaml\2.3\snakeyaml-2.3.jar;C:\Users\shara\.m2\repository\org\springframework\boot\spring-boot-starter-jdbc\3.4.2\spring-boot-starter-jdbc-3.4.2.jar;C:\Users\shara\.m2\repository\com\zaxxer\HikariCP\5.1.0\HikariCP-5.1.0.jar;C:\Users\shara\.m2\repository\org\springframework\spring-jdbc\6.2.2\spring-jdbc-6.2.2.jar;C:\Users\shara\.m2\repository\org\hibernate\orm\hibernate-core\6.6.5.Final\hibernate-core-6.6.5.Final.jar;C:\Users\shara\.m2\repository\jakarta\persistence\jakarta.persistence-api\3.1.0\jakarta.persistence-api-3.1.0.jar;C:\Users\shara\.m2\repository\jakarta\transaction\jakarta.transaction-api\2.0.1\jakarta.transaction-api-2.0.1.jar;C:\Users\shara\.m2\re
Launcher Type: SUN_STANDARD

[Global flags]
     intx CICompilerCount                          = 3                                         {product} {ergonomic}
     uint ConcGCThreads                            = 1                                         {product} {ergonomic}
     uint G1ConcRefinementThreads                  = 4                                         {product} {ergonomic}
   size_t G1HeapRegionSize                         = 1048576                                   {product} {ergonomic}
    uintx GCDrainStackTargetSize                   = 64                                        {product} {ergonomic}
   size_t InitialHeapSize                          = 130023424                                 {product} {ergonomic}
   size_t MarkStackSize                            = 4194304                                   {product} {ergonomic}
   size_t MaxHeapSize                              = 2061500416                                {product} {ergonomic}
   size_t MaxNewSize                               = 1236271104                                {product} {ergonomic}
   size_t MinHeapDeltaBytes                        = 1048576                                   {product} {ergonomic}
   size_t MinHeapSize                              = 8388608                                   {product} {ergonomic}
    uintx NonNMethodCodeHeapSize                   = 5832780                                {pd product} {ergonomic}
    uintx NonProfiledCodeHeapSize                  = 122912730                              {pd product} {ergonomic}
    uintx ProfiledCodeHeapSize                     = 122912730                              {pd product} {ergonomic}
    uintx ReservedCodeCacheSize                    = 251658240                              {pd product} {ergonomic}
     bool SegmentedCodeCache                       = true                                      {product} {ergonomic}
   size_t SoftMaxHeapSize                          = 2061500416                             {manageable} {ergonomic}
     bool UseCompressedClassPointers               = true                           {product lp64_product} {ergonomic}
     bool UseCompressedOops                        = true                           {product lp64_product} {ergonomic}
     bool UseG1GC                                  = true                                      {product} {ergonomic}
     bool UseLargePagesIndividualAllocation        = false                                  {pd product} {ergonomic}

Logging:
Log output configuration:
 #0: stdout all=warning uptime,level,tags
 #1: stderr all=off uptime,level,tags

Environment Variables:
PATH=C:\Program Files\Common Files\Oracle\Java\javapath;C:\Python311\Scripts\;C:\Python311\;C:\WINDOWS\system32;C:\WINDOWS;C:\WINDOWS\System32\Wbem;C:\WINDOWS\System32\WindowsPowerShell\v1.0\;C:\WINDOWS\System32\OpenSSH\;C:\ProgramData\chocolatey\bin;C:\Program Files\dotnet\;D:\Node\;C:\Program Files\Git\cmd;C:\Program Files\Amazon\AWSCLI\bin\;C:\Program Files\MySQL\MySQL Server 9.1\bin;C:\Users\shara\AppData\Local\Microsoft\WindowsApps;C:\Users\shara\.dotnet\tools;C:\Users\shara\AppData\Roaming\npm;C:\Users\shara\AppData\Local\Programs\Microsoft VS Code\bin;C:\Program Files\JetBrains\IntelliJ IDEA 2024.2\bin;;C:\Program Files\JetBrains\IntelliJ IDEA Community Edition 2024.2\bin;;C:\Softwares\apache-maven-3.9.8\bin;C:\Program Files\MySQL\MySQL Server 9.1\bin;
USERNAME=shara
OS=Windows_NT
PROCESSOR_IDENTIFIER=Intel64 Family 6 Model 78 Stepping 3, GenuineIntel



---------------  S Y S T E M  ---------------

OS:
 Windows 10 , 64 bit Build 19041 (10.0.19041.4957)
OS uptime: 78 days 22:40 hours

CPU: total 4 (initial active 4) (2 cores per cpu, 2 threads per core) family 6 model 78 stepping 3 microcode 0xcc, cx8, cmov, fxsr, ht, mmx, 3dnowpref, sse, sse2, sse3, ssse3, sse4.1, sse4.2, popcnt, lzcnt, tsc, tscinvbit, avx, avx2, aes, erms, clmul, bmi1, bmi2, rtm, adx, fma, vzeroupper, clflush, clflushopt

Memory: 4k page, system-wide physical 7863M (393M free)
TotalPageFile size 20834M (AvailPageFile size 6M)
current process WorkingSet (physical memory assigned to process): 268M, peak: 270M
current process commit charge ("private bytes"): 300M, peak: 302M

vm_info: Java HotSpot(TM) 64-Bit Server VM (17.0.12+8-LTS-286) for windows-amd64 JRE (17.0.12+8-LTS-286), built on Jun  5 2024 06:46:59 by "mach5one" with MS VC++ 17.6 (VS2022)

END.
